<?xml version="1.0" encoding="UTF-8"?>
<robot generator="Robot 5.0.1 (Python 3.9.13 on win32)" generated="20220707 12:44:09.930" rpa="false" schemaversion="3">
<suite id="s1" name="Test Search" source="D:\Ard\TestSuites\test_search.robot">
<test id="s1-t1" name="Test Google 001" line="5">
<kw name="Open Google Web" library="keyword">
<kw name="Open Browser" library="Browser">
<arg>${URL}</arg>
<tag>BrowserControl</tag>
<tag>Setter</tag>
<doc>Opens a new browser instance. Use this keyword for quick experiments or debugging sessions.
Use `New Page` directly instead of `Open Browser` for production and automated execution.
See `Browser, Context and Page` for more information about Browser and related concepts.</doc>
<msg timestamp="20220707 12:44:10.634" level="WARN">Open Browser is for quick experimentation and debugging only. Use New Page for production.</msg>
<msg timestamp="20220707 12:44:10.634" level="INFO">{"browser": "chromium", "headless": false, "handleSIGINT": true, "handleSIGTERM": true, "handleSIGHUP": true, "timeout": 30000.0, "devtools": false, "slowMo": 0.0, "tracesDir": "D:\\Ard\\TestSuites\\browser\\traces\\5d6c75d1-2f83-4601-b1f6-7e56fbfc3413"}</msg>
<msg timestamp="20220707 12:44:10.945" level="INFO">Successfully created browser with options: {"browser":"chromium","headless":false,"handleSIGINT":true,"handleSIGTERM":true,"handleSIGHUP":true,"timeout":30000,"devtools":false,"slowMo":0,"tracesDir":"D:\\Ard\\TestSuites\\browser\\traces\\5d6c75d1-2f83-4601-b1f6-7e56fbfc3413"}</msg>
<msg timestamp="20220707 12:44:10.946" level="INFO">{"acceptDownloads": true, "ignoreHTTPSErrors": false, "bypassCSP": true, "deviceScaleFactor": 1.0, "isMobile": false, "hasTouch": false, "javaScriptEnabled": true, "offline": false, "hideRfBrowser": false, "reducedMotion": "no-preference", "forcedColors": "none"}</msg>
<msg timestamp="20220707 12:44:10.959" level="INFO">Successfully created context. </msg>
<msg timestamp="20220707 12:44:10.959" level="INFO">{'acceptDownloads': True, 'ignoreHTTPSErrors': False, 'bypassCSP': True, 'deviceScaleFactor': 1, 'isMobile': False, 'hasTouch': False, 'javaScriptEnabled': True, 'offline': False, 'hideRfBrowser': False, 'reducedMotion': 'no-preference', 'forcedColors': 'none'}</msg>
<msg timestamp="20220707 12:44:11.995" level="INFO">Successfully initialized new page object and opened url: https://www.google.com/</msg>
<status status="PASS" starttime="20220707 12:44:10.634" endtime="20220707 12:44:11.996"/>
</kw>
<status status="PASS" starttime="20220707 12:44:10.633" endtime="20220707 12:44:11.996"/>
</kw>
<kw name="Input Data" library="keyword">
<kw name="Fill Text" library="Browser">
<arg>${SEARCH_FIELD}</arg>
<arg>${message_search}</arg>
<tag>PageContent</tag>
<tag>Setter</tag>
<doc>Clears and fills the given ``txt`` into the text field found by ``selector``.</doc>
<msg timestamp="20220707 12:44:11.997" level="INFO">Fills the text 'เรือดำน้ำ' in the given field.</msg>
<status status="PASS" starttime="20220707 12:44:11.996" endtime="20220707 12:44:12.031"/>
</kw>
<status status="PASS" starttime="20220707 12:44:11.996" endtime="20220707 12:44:12.031"/>
</kw>
<kw name="Click Button Search" library="keyword">
<kw name="Click" library="Browser">
<arg>${SEARCH_BUTTON}</arg>
<tag>PageContent</tag>
<tag>Setter</tag>
<doc>Simulates mouse click on the element found by ``selector``.</doc>
<status status="PASS" starttime="20220707 12:44:12.031" endtime="20220707 12:44:12.285"/>
</kw>
<status status="PASS" starttime="20220707 12:44:12.031" endtime="20220707 12:44:12.285"/>
</kw>
<kw name="GetCheck Link" library="keyword">
<arg>${pathCheckSearch}</arg>
<arg>${check_Search}</arg>
<kw name="Get Text" library="Browser">
<var>${forVerifyLink}</var>
<arg>${pathCheckLink}</arg>
<tag>Assertion</tag>
<tag>Getter</tag>
<tag>PageContent</tag>
<doc>Returns text attribute of the element found by ``selector``.</doc>
<msg timestamp="20220707 12:44:12.722" level="INFO">${forVerifyLink} = ประเภทเรือ</msg>
<status status="PASS" starttime="20220707 12:44:12.286" endtime="20220707 12:44:12.722"/>
</kw>
<kw name="Should Be Equal" library="BuiltIn">
<arg>${forVerifyLink}</arg>
<arg>${check_Link}</arg>
<doc>Fails if the given objects are unequal.</doc>
<status status="PASS" starttime="20220707 12:44:12.722" endtime="20220707 12:44:12.723"/>
</kw>
<kw name="Sleep" library="BuiltIn">
<arg>1s</arg>
<doc>Pauses the test executed for the given time.</doc>
<msg timestamp="20220707 12:44:13.728" level="INFO">Slept 1 second</msg>
<status status="PASS" starttime="20220707 12:44:12.723" endtime="20220707 12:44:13.728"/>
</kw>
<status status="PASS" starttime="20220707 12:44:12.286" endtime="20220707 12:44:13.728"/>
</kw>
<kw name="Sleep" library="BuiltIn">
<arg>1s</arg>
<doc>Pauses the test executed for the given time.</doc>
<msg timestamp="20220707 12:44:14.731" level="INFO">Slept 1 second</msg>
<status status="PASS" starttime="20220707 12:44:13.728" endtime="20220707 12:44:14.731"/>
</kw>
<status status="PASS" starttime="20220707 12:44:10.631" endtime="20220707 12:44:14.731"/>
</test>
<test id="s1-t2" name="Test Google 004" line="12">
<kw name="Open Google Web" library="keyword">
<kw name="Open Browser" library="Browser">
<arg>${URL}</arg>
<tag>BrowserControl</tag>
<tag>Setter</tag>
<doc>Opens a new browser instance. Use this keyword for quick experiments or debugging sessions.
Use `New Page` directly instead of `Open Browser` for production and automated execution.
See `Browser, Context and Page` for more information about Browser and related concepts.</doc>
<msg timestamp="20220707 12:44:14.776" level="WARN">Open Browser is for quick experimentation and debugging only. Use New Page for production.</msg>
<msg timestamp="20220707 12:44:14.778" level="INFO">{"browser": "chromium", "headless": false, "handleSIGINT": true, "handleSIGTERM": true, "handleSIGHUP": true, "timeout": 30000.0, "devtools": false, "slowMo": 0.0, "tracesDir": "D:\\Ard\\TestSuites\\browser\\traces\\7b4a6e33-d5ff-4f2b-933f-6daa0d0d61ab"}</msg>
<msg timestamp="20220707 12:44:15.052" level="INFO">Successfully created browser with options: {"browser":"chromium","headless":false,"handleSIGINT":true,"handleSIGTERM":true,"handleSIGHUP":true,"timeout":30000,"devtools":false,"slowMo":0,"tracesDir":"D:\\Ard\\TestSuites\\browser\\traces\\7b4a6e33-d5ff-4f2b-933f-6daa0d0d61ab"}</msg>
<msg timestamp="20220707 12:44:15.053" level="INFO">{"acceptDownloads": true, "ignoreHTTPSErrors": false, "bypassCSP": true, "deviceScaleFactor": 1.0, "isMobile": false, "hasTouch": false, "javaScriptEnabled": true, "offline": false, "hideRfBrowser": false, "reducedMotion": "no-preference", "forcedColors": "none"}</msg>
<msg timestamp="20220707 12:44:15.061" level="INFO">Successfully created context. </msg>
<msg timestamp="20220707 12:44:15.061" level="INFO">{'acceptDownloads': True, 'ignoreHTTPSErrors': False, 'bypassCSP': True, 'deviceScaleFactor': 1, 'isMobile': False, 'hasTouch': False, 'javaScriptEnabled': True, 'offline': False, 'hideRfBrowser': False, 'reducedMotion': 'no-preference', 'forcedColors': 'none'}</msg>
<msg timestamp="20220707 12:44:16.050" level="INFO">Successfully initialized new page object and opened url: https://www.google.com/</msg>
<status status="PASS" starttime="20220707 12:44:14.776" endtime="20220707 12:44:16.050"/>
</kw>
<status status="PASS" starttime="20220707 12:44:14.776" endtime="20220707 12:44:16.050"/>
</kw>
<kw name="Input Data" library="keyword">
<kw name="Fill Text" library="Browser">
<arg>${SEARCH_FIELD}</arg>
<arg>${message_search}</arg>
<tag>PageContent</tag>
<tag>Setter</tag>
<doc>Clears and fills the given ``txt`` into the text field found by ``selector``.</doc>
<msg timestamp="20220707 12:44:16.051" level="INFO">Fills the text 'เรือดำน้ำ' in the given field.</msg>
<status status="PASS" starttime="20220707 12:44:16.051" endtime="20220707 12:44:16.079"/>
</kw>
<status status="PASS" starttime="20220707 12:44:16.051" endtime="20220707 12:44:16.079"/>
</kw>
<kw name="Click Button Search" library="keyword">
<kw name="Click" library="Browser">
<arg>${SEARCH_BUTTON}</arg>
<tag>PageContent</tag>
<tag>Setter</tag>
<doc>Simulates mouse click on the element found by ``selector``.</doc>
<status status="PASS" starttime="20220707 12:44:16.080" endtime="20220707 12:44:16.341"/>
</kw>
<status status="PASS" starttime="20220707 12:44:16.080" endtime="20220707 12:44:16.341"/>
</kw>
<kw name="GetCheck Link" library="keyword">
<arg>${pathCheckSearch}</arg>
<arg>${check_Search}</arg>
<kw name="Get Text" library="Browser">
<var>${forVerifyLink}</var>
<arg>${pathCheckLink}</arg>
<tag>Assertion</tag>
<tag>Getter</tag>
<tag>PageContent</tag>
<doc>Returns text attribute of the element found by ``selector``.</doc>
<msg timestamp="20220707 12:44:16.770" level="INFO">${forVerifyLink} = ประเภทเรือ</msg>
<status status="PASS" starttime="20220707 12:44:16.342" endtime="20220707 12:44:16.770"/>
</kw>
<kw name="Should Be Equal" library="BuiltIn">
<arg>${forVerifyLink}</arg>
<arg>${check_Link}</arg>
<doc>Fails if the given objects are unequal.</doc>
<status status="PASS" starttime="20220707 12:44:16.770" endtime="20220707 12:44:16.770"/>
</kw>
<kw name="Sleep" library="BuiltIn">
<arg>1s</arg>
<doc>Pauses the test executed for the given time.</doc>
<msg timestamp="20220707 12:44:17.781" level="INFO">Slept 1 second</msg>
<status status="PASS" starttime="20220707 12:44:16.770" endtime="20220707 12:44:17.781"/>
</kw>
<status status="PASS" starttime="20220707 12:44:16.341" endtime="20220707 12:44:17.781"/>
</kw>
<kw name="Sleep" library="BuiltIn">
<arg>1s</arg>
<doc>Pauses the test executed for the given time.</doc>
<msg timestamp="20220707 12:44:18.783" level="INFO">Slept 1 second</msg>
<status status="PASS" starttime="20220707 12:44:17.781" endtime="20220707 12:44:18.783"/>
</kw>
<kw name="For Loop Google 1" library="keyword">
<for flavor="IN">
<var>${Link}</var>
<value>@{ListLink}</value>
<iter>
<var name="${Link}">//*[@id="rso"]/div[4]/div/div/div/a</var>
<kw name="Click" library="Browser">
<arg>${Link}</arg>
<tag>PageContent</tag>
<tag>Setter</tag>
<doc>Simulates mouse click on the element found by ``selector``.</doc>
<status status="PASS" starttime="20220707 12:44:18.784" endtime="20220707 12:44:18.988"/>
</kw>
<kw name="Sleep" library="BuiltIn">
<arg>1.5s</arg>
<doc>Pauses the test executed for the given time.</doc>
<msg timestamp="20220707 12:44:20.502" level="INFO">Slept 1 second 500 milliseconds</msg>
<status status="PASS" starttime="20220707 12:44:18.988" endtime="20220707 12:44:20.502"/>
</kw>
<if>
<branch type="IF" condition="'${Link}' == '${LINK_3}'">
<kw name="GetCheck Link" library="keyword">
<arg>${pathCheckLink_3}</arg>
<arg>${check_Link_3}</arg>
<kw name="Get Text" library="Browser">
<var>${forVerifyLink}</var>
<arg>${pathCheckLink}</arg>
<tag>Assertion</tag>
<tag>Getter</tag>
<tag>PageContent</tag>
<doc>Returns text attribute of the element found by ``selector``.</doc>
<msg timestamp="20220707 12:44:20.527" level="INFO">${forVerifyLink} = ยานยนต์</msg>
<status status="PASS" starttime="20220707 12:44:20.503" endtime="20220707 12:44:20.527"/>
</kw>
<kw name="Should Be Equal" library="BuiltIn">
<arg>${forVerifyLink}</arg>
<arg>${check_Link}</arg>
<doc>Fails if the given objects are unequal.</doc>
<status status="PASS" starttime="20220707 12:44:20.527" endtime="20220707 12:44:20.527"/>
</kw>
<kw name="Sleep" library="BuiltIn">
<arg>1s</arg>
<doc>Pauses the test executed for the given time.</doc>
<msg timestamp="20220707 12:44:21.539" level="INFO">Slept 1 second</msg>
<status status="PASS" starttime="20220707 12:44:20.527" endtime="20220707 12:44:21.539"/>
</kw>
<status status="PASS" starttime="20220707 12:44:20.502" endtime="20220707 12:44:21.539"/>
</kw>
<kw name="Go Back" library="Browser">
<tag>BrowserControl</tag>
<tag>Setter</tag>
<doc>Navigates to the previous page in history.</doc>
<msg timestamp="20220707 12:44:21.575" level="INFO">Did Go Back</msg>
<status status="PASS" starttime="20220707 12:44:21.539" endtime="20220707 12:44:21.575"/>
</kw>
<status status="PASS" starttime="20220707 12:44:20.502" endtime="20220707 12:44:21.575"/>
</branch>
<branch type="ELSE IF" condition="'${Link}' == '${LINK_4}'">
<kw name="GetCheck Link" library="keyword">
<arg>${pathCheckLink_4}</arg>
<arg>${check_Link_4}</arg>
<status status="NOT RUN" starttime="20220707 12:44:21.575" endtime="20220707 12:44:21.575"/>
</kw>
<kw name="Go Back" library="Browser">
<tag>BrowserControl</tag>
<tag>Setter</tag>
<doc>Navigates to the previous page in history.</doc>
<status status="NOT RUN" starttime="20220707 12:44:21.576" endtime="20220707 12:44:21.576"/>
</kw>
<status status="NOT RUN" starttime="20220707 12:44:21.575" endtime="20220707 12:44:21.576"/>
</branch>
<branch type="ELSE IF" condition="'${Link}' == '${LINK_5}'">
<kw name="GetCheck Link" library="keyword">
<arg>${pathCheckLink_5}</arg>
<arg>${check_Link_5}</arg>
<status status="NOT RUN" starttime="20220707 12:44:21.576" endtime="20220707 12:44:21.576"/>
</kw>
<kw name="Go Back" library="Browser">
<tag>BrowserControl</tag>
<tag>Setter</tag>
<doc>Navigates to the previous page in history.</doc>
<status status="NOT RUN" starttime="20220707 12:44:21.576" endtime="20220707 12:44:21.576"/>
</kw>
<status status="NOT RUN" starttime="20220707 12:44:21.576" endtime="20220707 12:44:21.576"/>
</branch>
<status status="PASS" starttime="20220707 12:44:20.502" endtime="20220707 12:44:21.576"/>
</if>
<status status="PASS" starttime="20220707 12:44:18.784" endtime="20220707 12:44:21.576"/>
</iter>
<iter>
<var name="${Link}">//*[@id="rso"]/div[6]/div/div/div/a</var>
<kw name="Click" library="Browser">
<arg>${Link}</arg>
<tag>PageContent</tag>
<tag>Setter</tag>
<doc>Simulates mouse click on the element found by ``selector``.</doc>
<status status="PASS" starttime="20220707 12:44:21.576" endtime="20220707 12:44:22.024"/>
</kw>
<kw name="Sleep" library="BuiltIn">
<arg>1.5s</arg>
<doc>Pauses the test executed for the given time.</doc>
<msg timestamp="20220707 12:44:23.535" level="INFO">Slept 1 second 500 milliseconds</msg>
<status status="PASS" starttime="20220707 12:44:22.024" endtime="20220707 12:44:23.535"/>
</kw>
<if>
<branch type="IF" condition="'${Link}' == '${LINK_3}'">
<kw name="GetCheck Link" library="keyword">
<arg>${pathCheckLink_3}</arg>
<arg>${check_Link_3}</arg>
<status status="NOT RUN" starttime="20220707 12:44:23.536" endtime="20220707 12:44:23.536"/>
</kw>
<kw name="Go Back" library="Browser">
<tag>BrowserControl</tag>
<tag>Setter</tag>
<doc>Navigates to the previous page in history.</doc>
<status status="NOT RUN" starttime="20220707 12:44:23.536" endtime="20220707 12:44:23.536"/>
</kw>
<status status="NOT RUN" starttime="20220707 12:44:23.536" endtime="20220707 12:44:23.536"/>
</branch>
<branch type="ELSE IF" condition="'${Link}' == '${LINK_4}'">
<kw name="GetCheck Link" library="keyword">
<arg>${pathCheckLink_4}</arg>
<arg>${check_Link_4}</arg>
<kw name="Get Text" library="Browser">
<var>${forVerifyLink}</var>
<arg>${pathCheckLink}</arg>
<tag>Assertion</tag>
<tag>Getter</tag>
<tag>PageContent</tag>
<doc>Returns text attribute of the element found by ``selector``.</doc>
<msg timestamp="20220707 12:44:23.567" level="INFO">${forVerifyLink} = เมนู</msg>
<status status="PASS" starttime="20220707 12:44:23.536" endtime="20220707 12:44:23.567"/>
</kw>
<kw name="Should Be Equal" library="BuiltIn">
<arg>${forVerifyLink}</arg>
<arg>${check_Link}</arg>
<doc>Fails if the given objects are unequal.</doc>
<status status="PASS" starttime="20220707 12:44:23.567" endtime="20220707 12:44:23.567"/>
</kw>
<kw name="Sleep" library="BuiltIn">
<arg>1s</arg>
<doc>Pauses the test executed for the given time.</doc>
<msg timestamp="20220707 12:44:24.573" level="INFO">Slept 1 second</msg>
<status status="PASS" starttime="20220707 12:44:23.567" endtime="20220707 12:44:24.573"/>
</kw>
<status status="PASS" starttime="20220707 12:44:23.536" endtime="20220707 12:44:24.573"/>
</kw>
<kw name="Go Back" library="Browser">
<tag>BrowserControl</tag>
<tag>Setter</tag>
<doc>Navigates to the previous page in history.</doc>
<msg timestamp="20220707 12:44:24.605" level="INFO">Did Go Back</msg>
<status status="PASS" starttime="20220707 12:44:24.573" endtime="20220707 12:44:24.605"/>
</kw>
<status status="PASS" starttime="20220707 12:44:23.536" endtime="20220707 12:44:24.605"/>
</branch>
<branch type="ELSE IF" condition="'${Link}' == '${LINK_5}'">
<kw name="GetCheck Link" library="keyword">
<arg>${pathCheckLink_5}</arg>
<arg>${check_Link_5}</arg>
<status status="NOT RUN" starttime="20220707 12:44:24.605" endtime="20220707 12:44:24.605"/>
</kw>
<kw name="Go Back" library="Browser">
<tag>BrowserControl</tag>
<tag>Setter</tag>
<doc>Navigates to the previous page in history.</doc>
<status status="NOT RUN" starttime="20220707 12:44:24.605" endtime="20220707 12:44:24.605"/>
</kw>
<status status="NOT RUN" starttime="20220707 12:44:24.605" endtime="20220707 12:44:24.605"/>
</branch>
<status status="PASS" starttime="20220707 12:44:23.535" endtime="20220707 12:44:24.605"/>
</if>
<status status="PASS" starttime="20220707 12:44:21.576" endtime="20220707 12:44:24.605"/>
</iter>
<iter>
<var name="${Link}">//*[@id="rso"]/div[8]/div/div/div/a</var>
<kw name="Click" library="Browser">
<arg>${Link}</arg>
<tag>PageContent</tag>
<tag>Setter</tag>
<doc>Simulates mouse click on the element found by ``selector``.</doc>
<status status="PASS" starttime="20220707 12:44:24.606" endtime="20220707 12:44:26.003"/>
</kw>
<kw name="Sleep" library="BuiltIn">
<arg>1.5s</arg>
<doc>Pauses the test executed for the given time.</doc>
<msg timestamp="20220707 12:44:27.505" level="INFO">Slept 1 second 500 milliseconds</msg>
<status status="PASS" starttime="20220707 12:44:26.003" endtime="20220707 12:44:27.505"/>
</kw>
<if>
<branch type="IF" condition="'${Link}' == '${LINK_3}'">
<kw name="GetCheck Link" library="keyword">
<arg>${pathCheckLink_3}</arg>
<arg>${check_Link_3}</arg>
<status status="NOT RUN" starttime="20220707 12:44:27.505" endtime="20220707 12:44:27.505"/>
</kw>
<kw name="Go Back" library="Browser">
<tag>BrowserControl</tag>
<tag>Setter</tag>
<doc>Navigates to the previous page in history.</doc>
<status status="NOT RUN" starttime="20220707 12:44:27.505" endtime="20220707 12:44:27.505"/>
</kw>
<status status="NOT RUN" starttime="20220707 12:44:27.505" endtime="20220707 12:44:27.505"/>
</branch>
<branch type="ELSE IF" condition="'${Link}' == '${LINK_4}'">
<kw name="GetCheck Link" library="keyword">
<arg>${pathCheckLink_4}</arg>
<arg>${check_Link_4}</arg>
<status status="NOT RUN" starttime="20220707 12:44:27.506" endtime="20220707 12:44:27.506"/>
</kw>
<kw name="Go Back" library="Browser">
<tag>BrowserControl</tag>
<tag>Setter</tag>
<doc>Navigates to the previous page in history.</doc>
<status status="NOT RUN" starttime="20220707 12:44:27.506" endtime="20220707 12:44:27.506"/>
</kw>
<status status="NOT RUN" starttime="20220707 12:44:27.506" endtime="20220707 12:44:27.506"/>
</branch>
<branch type="ELSE IF" condition="'${Link}' == '${LINK_5}'">
<kw name="GetCheck Link" library="keyword">
<arg>${pathCheckLink_5}</arg>
<arg>${check_Link_5}</arg>
<kw name="Get Text" library="Browser">
<var>${forVerifyLink}</var>
<arg>${pathCheckLink}</arg>
<tag>Assertion</tag>
<tag>Getter</tag>
<tag>PageContent</tag>
<doc>Returns text attribute of the element found by ``selector``.</doc>
<msg timestamp="20220707 12:44:27.568" level="INFO">${forVerifyLink} = สื่อนอกปูดแผนซื้อเรือดำน้ำจีนของไทยติดขัดเพราะ "อียู"</msg>
<status status="PASS" starttime="20220707 12:44:27.506" endtime="20220707 12:44:27.568"/>
</kw>
<kw name="Should Be Equal" library="BuiltIn">
<arg>${forVerifyLink}</arg>
<arg>${check_Link}</arg>
<doc>Fails if the given objects are unequal.</doc>
<status status="PASS" starttime="20220707 12:44:27.568" endtime="20220707 12:44:27.569"/>
</kw>
<kw name="Sleep" library="BuiltIn">
<arg>1s</arg>
<doc>Pauses the test executed for the given time.</doc>
<msg timestamp="20220707 12:44:28.573" level="INFO">Slept 1 second</msg>
<status status="PASS" starttime="20220707 12:44:27.569" endtime="20220707 12:44:28.573"/>
</kw>
<status status="PASS" starttime="20220707 12:44:27.506" endtime="20220707 12:44:28.573"/>
</kw>
<kw name="Go Back" library="Browser">
<tag>BrowserControl</tag>
<tag>Setter</tag>
<doc>Navigates to the previous page in history.</doc>
<msg timestamp="20220707 12:44:28.614" level="INFO">Did Go Back</msg>
<status status="PASS" starttime="20220707 12:44:28.573" endtime="20220707 12:44:28.614"/>
</kw>
<status status="PASS" starttime="20220707 12:44:27.506" endtime="20220707 12:44:28.614"/>
</branch>
<status status="PASS" starttime="20220707 12:44:27.505" endtime="20220707 12:44:28.614"/>
</if>
<status status="PASS" starttime="20220707 12:44:24.605" endtime="20220707 12:44:28.615"/>
</iter>
<status status="PASS" starttime="20220707 12:44:18.784" endtime="20220707 12:44:28.615"/>
</for>
<status status="PASS" starttime="20220707 12:44:18.784" endtime="20220707 12:44:28.615"/>
</kw>
<status status="PASS" starttime="20220707 12:44:14.774" endtime="20220707 12:44:28.615"/>
</test>
<test id="s1-t3" name="Test Google 005" line="20">
<kw name="Open Google Web" library="keyword">
<kw name="Open Browser" library="Browser">
<arg>${URL}</arg>
<tag>BrowserControl</tag>
<tag>Setter</tag>
<doc>Opens a new browser instance. Use this keyword for quick experiments or debugging sessions.
Use `New Page` directly instead of `Open Browser` for production and automated execution.
See `Browser, Context and Page` for more information about Browser and related concepts.</doc>
<msg timestamp="20220707 12:44:28.683" level="WARN">Open Browser is for quick experimentation and debugging only. Use New Page for production.</msg>
<msg timestamp="20220707 12:44:28.684" level="INFO">{"browser": "chromium", "headless": false, "handleSIGINT": true, "handleSIGTERM": true, "handleSIGHUP": true, "timeout": 30000.0, "devtools": false, "slowMo": 0.0, "tracesDir": "D:\\Ard\\TestSuites\\browser\\traces\\958f9f10-9575-4c3a-a8d3-1fce8484ee55"}</msg>
<msg timestamp="20220707 12:44:29.026" level="INFO">Successfully created browser with options: {"browser":"chromium","headless":false,"handleSIGINT":true,"handleSIGTERM":true,"handleSIGHUP":true,"timeout":30000,"devtools":false,"slowMo":0,"tracesDir":"D:\\Ard\\TestSuites\\browser\\traces\\958f9f10-9575-4c3a-a8d3-1fce8484ee55"}</msg>
<msg timestamp="20220707 12:44:29.026" level="INFO">{"acceptDownloads": true, "ignoreHTTPSErrors": false, "bypassCSP": true, "deviceScaleFactor": 1.0, "isMobile": false, "hasTouch": false, "javaScriptEnabled": true, "offline": false, "hideRfBrowser": false, "reducedMotion": "no-preference", "forcedColors": "none"}</msg>
<msg timestamp="20220707 12:44:29.039" level="INFO">Successfully created context. </msg>
<msg timestamp="20220707 12:44:29.039" level="INFO">{'acceptDownloads': True, 'ignoreHTTPSErrors': False, 'bypassCSP': True, 'deviceScaleFactor': 1, 'isMobile': False, 'hasTouch': False, 'javaScriptEnabled': True, 'offline': False, 'hideRfBrowser': False, 'reducedMotion': 'no-preference', 'forcedColors': 'none'}</msg>
<msg timestamp="20220707 12:44:30.082" level="INFO">Successfully initialized new page object and opened url: https://www.google.com/</msg>
<status status="PASS" starttime="20220707 12:44:28.682" endtime="20220707 12:44:30.083"/>
</kw>
<status status="PASS" starttime="20220707 12:44:28.682" endtime="20220707 12:44:30.083"/>
</kw>
<kw name="Input Data" library="keyword">
<kw name="Fill Text" library="Browser">
<arg>${SEARCH_FIELD}</arg>
<arg>${message_search}</arg>
<tag>PageContent</tag>
<tag>Setter</tag>
<doc>Clears and fills the given ``txt`` into the text field found by ``selector``.</doc>
<msg timestamp="20220707 12:44:30.084" level="INFO">Fills the text 'เรือดำน้ำ' in the given field.</msg>
<status status="PASS" starttime="20220707 12:44:30.084" endtime="20220707 12:44:30.110"/>
</kw>
<status status="PASS" starttime="20220707 12:44:30.083" endtime="20220707 12:44:30.110"/>
</kw>
<kw name="Click Button Search" library="keyword">
<kw name="Click" library="Browser">
<arg>${SEARCH_BUTTON}</arg>
<tag>PageContent</tag>
<tag>Setter</tag>
<doc>Simulates mouse click on the element found by ``selector``.</doc>
<status status="PASS" starttime="20220707 12:44:30.111" endtime="20220707 12:44:30.320"/>
</kw>
<status status="PASS" starttime="20220707 12:44:30.110" endtime="20220707 12:44:30.320"/>
</kw>
<kw name="GetCheck Link" library="keyword">
<arg>${pathCheckSearch}</arg>
<arg>${check_Search}</arg>
<kw name="Get Text" library="Browser">
<var>${forVerifyLink}</var>
<arg>${pathCheckLink}</arg>
<tag>Assertion</tag>
<tag>Getter</tag>
<tag>PageContent</tag>
<doc>Returns text attribute of the element found by ``selector``.</doc>
<msg timestamp="20220707 12:44:30.705" level="INFO">${forVerifyLink} = ประเภทเรือ</msg>
<status status="PASS" starttime="20220707 12:44:30.321" endtime="20220707 12:44:30.705"/>
</kw>
<kw name="Should Be Equal" library="BuiltIn">
<arg>${forVerifyLink}</arg>
<arg>${check_Link}</arg>
<doc>Fails if the given objects are unequal.</doc>
<status status="PASS" starttime="20220707 12:44:30.705" endtime="20220707 12:44:30.705"/>
</kw>
<kw name="Sleep" library="BuiltIn">
<arg>1s</arg>
<doc>Pauses the test executed for the given time.</doc>
<msg timestamp="20220707 12:44:31.716" level="INFO">Slept 1 second</msg>
<status status="PASS" starttime="20220707 12:44:30.705" endtime="20220707 12:44:31.716"/>
</kw>
<status status="PASS" starttime="20220707 12:44:30.321" endtime="20220707 12:44:31.716"/>
</kw>
<kw name="Sleep" library="BuiltIn">
<arg>1s</arg>
<doc>Pauses the test executed for the given time.</doc>
<msg timestamp="20220707 12:44:32.719" level="INFO">Slept 1 second</msg>
<status status="PASS" starttime="20220707 12:44:31.717" endtime="20220707 12:44:32.719"/>
</kw>
<kw name="For Loop Google 2" library="keyword">
<for flavor="IN">
<var>${Link}</var>
<value>@{listLink2}</value>
<iter>
<var name="${Link}">//*[@id="rso"]/div[4]/div/div/div/a</var>
<if>
<branch type="IF" condition="'${Link}' == '${LINK_3}'">
<kw name="Click" library="Browser">
<arg>${Link}</arg>
<tag>PageContent</tag>
<tag>Setter</tag>
<doc>Simulates mouse click on the element found by ``selector``.</doc>
<status status="PASS" starttime="20220707 12:44:32.720" endtime="20220707 12:44:32.907"/>
</kw>
<kw name="Sleep" library="BuiltIn">
<arg>1s</arg>
<doc>Pauses the test executed for the given time.</doc>
<msg timestamp="20220707 12:44:33.912" level="INFO">Slept 1 second</msg>
<status status="PASS" starttime="20220707 12:44:32.907" endtime="20220707 12:44:33.912"/>
</kw>
<kw name="GetCheck Link" library="keyword">
<arg>${pathCheckLink_3}</arg>
<arg>${check_Link_3}</arg>
<kw name="Get Text" library="Browser">
<var>${forVerifyLink}</var>
<arg>${pathCheckLink}</arg>
<tag>Assertion</tag>
<tag>Getter</tag>
<tag>PageContent</tag>
<doc>Returns text attribute of the element found by ``selector``.</doc>
<msg timestamp="20220707 12:44:33.936" level="INFO">${forVerifyLink} = ยานยนต์</msg>
<status status="PASS" starttime="20220707 12:44:33.913" endtime="20220707 12:44:33.936"/>
</kw>
<kw name="Should Be Equal" library="BuiltIn">
<arg>${forVerifyLink}</arg>
<arg>${check_Link}</arg>
<doc>Fails if the given objects are unequal.</doc>
<status status="PASS" starttime="20220707 12:44:33.936" endtime="20220707 12:44:33.936"/>
</kw>
<kw name="Sleep" library="BuiltIn">
<arg>1s</arg>
<doc>Pauses the test executed for the given time.</doc>
<msg timestamp="20220707 12:44:34.945" level="INFO">Slept 1 second</msg>
<status status="PASS" starttime="20220707 12:44:33.936" endtime="20220707 12:44:34.945"/>
</kw>
<status status="PASS" starttime="20220707 12:44:33.912" endtime="20220707 12:44:34.945"/>
</kw>
<kw name="Go Back" library="Browser">
<tag>BrowserControl</tag>
<tag>Setter</tag>
<doc>Navigates to the previous page in history.</doc>
<msg timestamp="20220707 12:44:34.972" level="INFO">Did Go Back</msg>
<status status="PASS" starttime="20220707 12:44:34.946" endtime="20220707 12:44:34.972"/>
</kw>
<status status="PASS" starttime="20220707 12:44:32.720" endtime="20220707 12:44:34.972"/>
</branch>
<branch type="ELSE IF" condition="'${Link}' == '${LINK_5_2}'">
<kw name="Click" library="Browser">
<arg>${Link}</arg>
<tag>PageContent</tag>
<tag>Setter</tag>
<doc>Simulates mouse click on the element found by ``selector``.</doc>
<status status="NOT RUN" starttime="20220707 12:44:34.972" endtime="20220707 12:44:34.972"/>
</kw>
<kw name="Sleep" library="BuiltIn">
<arg>1s</arg>
<doc>Pauses the test executed for the given time.</doc>
<status status="NOT RUN" starttime="20220707 12:44:34.972" endtime="20220707 12:44:34.972"/>
</kw>
<kw name="GetCheck Link" library="keyword">
<arg>${pathCheckLink_5}</arg>
<arg>${check_Link_5}</arg>
<status status="NOT RUN" starttime="20220707 12:44:34.972" endtime="20220707 12:44:34.972"/>
</kw>
<kw name="Go Back" library="Browser">
<tag>BrowserControl</tag>
<tag>Setter</tag>
<doc>Navigates to the previous page in history.</doc>
<status status="NOT RUN" starttime="20220707 12:44:34.972" endtime="20220707 12:44:34.972"/>
</kw>
<status status="NOT RUN" starttime="20220707 12:44:34.972" endtime="20220707 12:44:34.972"/>
</branch>
<branch type="ELSE">
<kw name="Continue For Loop If" library="BuiltIn">
<doc>Skips the current FOR loop iteration if the ``condition`` is true.</doc>
<status status="NOT RUN" starttime="20220707 12:44:34.972" endtime="20220707 12:44:34.972"/>
</kw>
<status status="NOT RUN" starttime="20220707 12:44:34.972" endtime="20220707 12:44:34.972"/>
</branch>
<status status="PASS" starttime="20220707 12:44:32.720" endtime="20220707 12:44:34.973"/>
</if>
<status status="PASS" starttime="20220707 12:44:32.720" endtime="20220707 12:44:34.973"/>
</iter>
<iter>
<var name="${Link}">//*[@id="rso"]/div[7]/div/div/div/a</var>
<if>
<branch type="IF" condition="'${Link}' == '${LINK_3}'">
<kw name="Click" library="Browser">
<arg>${Link}</arg>
<tag>PageContent</tag>
<tag>Setter</tag>
<doc>Simulates mouse click on the element found by ``selector``.</doc>
<status status="NOT RUN" starttime="20220707 12:44:34.973" endtime="20220707 12:44:34.973"/>
</kw>
<kw name="Sleep" library="BuiltIn">
<arg>1s</arg>
<doc>Pauses the test executed for the given time.</doc>
<status status="NOT RUN" starttime="20220707 12:44:34.973" endtime="20220707 12:44:34.973"/>
</kw>
<kw name="GetCheck Link" library="keyword">
<arg>${pathCheckLink_3}</arg>
<arg>${check_Link_3}</arg>
<status status="NOT RUN" starttime="20220707 12:44:34.973" endtime="20220707 12:44:34.973"/>
</kw>
<kw name="Go Back" library="Browser">
<tag>BrowserControl</tag>
<tag>Setter</tag>
<doc>Navigates to the previous page in history.</doc>
<status status="NOT RUN" starttime="20220707 12:44:34.973" endtime="20220707 12:44:34.973"/>
</kw>
<status status="NOT RUN" starttime="20220707 12:44:34.973" endtime="20220707 12:44:34.973"/>
</branch>
<branch type="ELSE IF" condition="'${Link}' == '${LINK_5_2}'">
<kw name="Click" library="Browser">
<arg>${Link}</arg>
<tag>PageContent</tag>
<tag>Setter</tag>
<doc>Simulates mouse click on the element found by ``selector``.</doc>
<status status="PASS" starttime="20220707 12:44:34.973" endtime="20220707 12:44:35.352"/>
</kw>
<kw name="Sleep" library="BuiltIn">
<arg>1s</arg>
<doc>Pauses the test executed for the given time.</doc>
<msg timestamp="20220707 12:44:36.354" level="INFO">Slept 1 second</msg>
<status status="PASS" starttime="20220707 12:44:35.352" endtime="20220707 12:44:36.354"/>
</kw>
<kw name="GetCheck Link" library="keyword">
<arg>${pathCheckLink_5}</arg>
<arg>${check_Link_5}</arg>
<kw name="Get Text" library="Browser">
<var>${forVerifyLink}</var>
<arg>${pathCheckLink}</arg>
<tag>Assertion</tag>
<tag>Getter</tag>
<tag>PageContent</tag>
<doc>Returns text attribute of the element found by ``selector``.</doc>
<msg timestamp="20220707 12:44:36.402" level="INFO">${forVerifyLink} = สื่อนอกปูดแผนซื้อเรือดำน้ำจีนของไทยติดขัดเพราะ "อียู"</msg>
<status status="PASS" starttime="20220707 12:44:36.355" endtime="20220707 12:44:36.402"/>
</kw>
<kw name="Should Be Equal" library="BuiltIn">
<arg>${forVerifyLink}</arg>
<arg>${check_Link}</arg>
<doc>Fails if the given objects are unequal.</doc>
<status status="PASS" starttime="20220707 12:44:36.402" endtime="20220707 12:44:36.403"/>
</kw>
<kw name="Sleep" library="BuiltIn">
<arg>1s</arg>
<doc>Pauses the test executed for the given time.</doc>
<msg timestamp="20220707 12:44:37.407" level="INFO">Slept 1 second</msg>
<status status="PASS" starttime="20220707 12:44:36.403" endtime="20220707 12:44:37.407"/>
</kw>
<status status="PASS" starttime="20220707 12:44:36.354" endtime="20220707 12:44:37.407"/>
</kw>
<kw name="Go Back" library="Browser">
<tag>BrowserControl</tag>
<tag>Setter</tag>
<doc>Navigates to the previous page in history.</doc>
<msg timestamp="20220707 12:44:37.451" level="INFO">Did Go Back</msg>
<status status="PASS" starttime="20220707 12:44:37.408" endtime="20220707 12:44:37.451"/>
</kw>
<status status="PASS" starttime="20220707 12:44:34.973" endtime="20220707 12:44:37.451"/>
</branch>
<branch type="ELSE">
<kw name="Continue For Loop If" library="BuiltIn">
<doc>Skips the current FOR loop iteration if the ``condition`` is true.</doc>
<status status="NOT RUN" starttime="20220707 12:44:37.452" endtime="20220707 12:44:37.452"/>
</kw>
<status status="NOT RUN" starttime="20220707 12:44:37.452" endtime="20220707 12:44:37.452"/>
</branch>
<status status="PASS" starttime="20220707 12:44:34.973" endtime="20220707 12:44:37.452"/>
</if>
<status status="PASS" starttime="20220707 12:44:34.973" endtime="20220707 12:44:37.452"/>
</iter>
<status status="PASS" starttime="20220707 12:44:32.720" endtime="20220707 12:44:37.452"/>
</for>
<status status="PASS" starttime="20220707 12:44:32.720" endtime="20220707 12:44:37.452"/>
</kw>
<status status="PASS" starttime="20220707 12:44:28.680" endtime="20220707 12:44:37.453"/>
</test>
<test id="s1-t4" name="Test Google 006" line="28">
<kw name="Open Google Web" library="keyword">
<kw name="Open Browser" library="Browser">
<arg>${URL}</arg>
<tag>BrowserControl</tag>
<tag>Setter</tag>
<doc>Opens a new browser instance. Use this keyword for quick experiments or debugging sessions.
Use `New Page` directly instead of `Open Browser` for production and automated execution.
See `Browser, Context and Page` for more information about Browser and related concepts.</doc>
<msg timestamp="20220707 12:44:37.521" level="WARN">Open Browser is for quick experimentation and debugging only. Use New Page for production.</msg>
<msg timestamp="20220707 12:44:37.522" level="INFO">{"browser": "chromium", "headless": false, "handleSIGINT": true, "handleSIGTERM": true, "handleSIGHUP": true, "timeout": 30000.0, "devtools": false, "slowMo": 0.0, "tracesDir": "D:\\Ard\\TestSuites\\browser\\traces\\0e55ac37-49ce-40f8-879d-4c7787e1661f"}</msg>
<msg timestamp="20220707 12:44:37.909" level="INFO">Successfully created browser with options: {"browser":"chromium","headless":false,"handleSIGINT":true,"handleSIGTERM":true,"handleSIGHUP":true,"timeout":30000,"devtools":false,"slowMo":0,"tracesDir":"D:\\Ard\\TestSuites\\browser\\traces\\0e55ac37-49ce-40f8-879d-4c7787e1661f"}</msg>
<msg timestamp="20220707 12:44:37.910" level="INFO">{"acceptDownloads": true, "ignoreHTTPSErrors": false, "bypassCSP": true, "deviceScaleFactor": 1.0, "isMobile": false, "hasTouch": false, "javaScriptEnabled": true, "offline": false, "hideRfBrowser": false, "reducedMotion": "no-preference", "forcedColors": "none"}</msg>
<msg timestamp="20220707 12:44:37.918" level="INFO">Successfully created context. </msg>
<msg timestamp="20220707 12:44:37.918" level="INFO">{'acceptDownloads': True, 'ignoreHTTPSErrors': False, 'bypassCSP': True, 'deviceScaleFactor': 1, 'isMobile': False, 'hasTouch': False, 'javaScriptEnabled': True, 'offline': False, 'hideRfBrowser': False, 'reducedMotion': 'no-preference', 'forcedColors': 'none'}</msg>
<msg timestamp="20220707 12:44:38.868" level="INFO">Successfully initialized new page object and opened url: https://www.google.com/</msg>
<status status="PASS" starttime="20220707 12:44:37.521" endtime="20220707 12:44:38.868"/>
</kw>
<status status="PASS" starttime="20220707 12:44:37.520" endtime="20220707 12:44:38.868"/>
</kw>
<kw name="Input Data" library="keyword">
<kw name="Fill Text" library="Browser">
<arg>${SEARCH_FIELD}</arg>
<arg>${message_search}</arg>
<tag>PageContent</tag>
<tag>Setter</tag>
<doc>Clears and fills the given ``txt`` into the text field found by ``selector``.</doc>
<msg timestamp="20220707 12:44:38.869" level="INFO">Fills the text 'เรือดำน้ำ' in the given field.</msg>
<status status="PASS" starttime="20220707 12:44:38.869" endtime="20220707 12:44:38.896"/>
</kw>
<status status="PASS" starttime="20220707 12:44:38.868" endtime="20220707 12:44:38.896"/>
</kw>
<kw name="Click Button Search" library="keyword">
<kw name="Click" library="Browser">
<arg>${SEARCH_BUTTON}</arg>
<tag>PageContent</tag>
<tag>Setter</tag>
<doc>Simulates mouse click on the element found by ``selector``.</doc>
<status status="PASS" starttime="20220707 12:44:38.897" endtime="20220707 12:44:39.100"/>
</kw>
<status status="PASS" starttime="20220707 12:44:38.896" endtime="20220707 12:44:39.100"/>
</kw>
<kw name="GetCheck Link" library="keyword">
<arg>${pathCheckSearch}</arg>
<arg>${check_Search}</arg>
<kw name="Get Text" library="Browser">
<var>${forVerifyLink}</var>
<arg>${pathCheckLink}</arg>
<tag>Assertion</tag>
<tag>Getter</tag>
<tag>PageContent</tag>
<doc>Returns text attribute of the element found by ``selector``.</doc>
<msg timestamp="20220707 12:44:39.488" level="INFO">${forVerifyLink} = ประเภทเรือ</msg>
<status status="PASS" starttime="20220707 12:44:39.101" endtime="20220707 12:44:39.488"/>
</kw>
<kw name="Should Be Equal" library="BuiltIn">
<arg>${forVerifyLink}</arg>
<arg>${check_Link}</arg>
<doc>Fails if the given objects are unequal.</doc>
<status status="PASS" starttime="20220707 12:44:39.488" endtime="20220707 12:44:39.489"/>
</kw>
<kw name="Sleep" library="BuiltIn">
<arg>1s</arg>
<doc>Pauses the test executed for the given time.</doc>
<msg timestamp="20220707 12:44:40.489" level="INFO">Slept 1 second</msg>
<status status="PASS" starttime="20220707 12:44:39.489" endtime="20220707 12:44:40.489"/>
</kw>
<status status="PASS" starttime="20220707 12:44:39.100" endtime="20220707 12:44:40.489"/>
</kw>
<kw name="Sleep" library="BuiltIn">
<arg>2s</arg>
<doc>Pauses the test executed for the given time.</doc>
<msg timestamp="20220707 12:44:42.499" level="INFO">Slept 2 seconds</msg>
<status status="PASS" starttime="20220707 12:44:40.490" endtime="20220707 12:44:42.499"/>
</kw>
<status status="PASS" starttime="20220707 12:44:37.518" endtime="20220707 12:44:42.500"/>
</test>
<status status="PASS" starttime="20220707 12:44:09.931" endtime="20220707 12:44:42.544"/>
</suite>
<statistics>
<total>
<stat pass="4" fail="0" skip="0">All Tests</stat>
</total>
<tag>
</tag>
<suite>
<stat pass="4" fail="0" skip="0" id="s1" name="Test Search">Test Search</stat>
</suite>
</statistics>
<errors>
<msg timestamp="20220707 12:44:10.634" level="WARN">Open Browser is for quick experimentation and debugging only. Use New Page for production.</msg>
<msg timestamp="20220707 12:44:14.776" level="WARN">Open Browser is for quick experimentation and debugging only. Use New Page for production.</msg>
<msg timestamp="20220707 12:44:28.683" level="WARN">Open Browser is for quick experimentation and debugging only. Use New Page for production.</msg>
<msg timestamp="20220707 12:44:37.521" level="WARN">Open Browser is for quick experimentation and debugging only. Use New Page for production.</msg>
</errors>
</robot>
